[debug] [2021-12-15T11:34:56.483Z] ----------------------------------------------------------------------
[debug] [2021-12-15T11:34:56.485Z] Command:       /usr/local/bin/node /usr/local/bin/firebase init
[debug] [2021-12-15T11:34:56.486Z] CLI Version:   9.23.1
[debug] [2021-12-15T11:34:56.486Z] Platform:      darwin
[debug] [2021-12-15T11:34:56.486Z] Node Version:  v16.13.0
[debug] [2021-12-15T11:34:56.487Z] Time:          Wed Dec 15 2021 11:34:56 GMT+0000 (Hora padrão da Europa Ocidental)
[debug] [2021-12-15T11:34:56.488Z] ----------------------------------------------------------------------
[debug] 
[debug] [2021-12-15T11:34:56.495Z] > command requires scopes: ["email","openid","https://www.googleapis.com/auth/cloudplatformprojects.readonly","https://www.googleapis.com/auth/firebase","https://www.googleapis.com/auth/cloud-platform"]
[debug] [2021-12-15T11:34:56.496Z] > authorizing via signed-in user (simaopedrocoutinho@gmail.com)
[info] 
     ######## #### ########  ######## ########     ###     ######  ########
     ##        ##  ##     ## ##       ##     ##  ##   ##  ##       ##
     ######    ##  ########  ######   ########  #########  ######  ######
     ##        ##  ##    ##  ##       ##     ## ##     ##       ## ##
     ##       #### ##     ## ######## ########  ##     ##  ######  ########

You're about to initialize a Firebase project in this directory:

  /Users/simaocoutinho/Documents/Simão/Projetos/Curriculum

[info] 
=== Project Setup
[info] 
[info] First, let's associate this project directory with a Firebase project.
[info] You can create multiple project aliases by running firebase use --add, 
[info] but for now we'll just set up a default project.
[info] 
[debug] [2021-12-15T11:35:06.819Z] >>> [apiv2][query] GET https://firebase.googleapis.com/v1beta1/projects pageSize=100
[debug] [2021-12-15T11:35:07.275Z] <<< [apiv2][status] GET https://firebase.googleapis.com/v1beta1/projects 200
[debug] [2021-12-15T11:35:07.275Z] <<< [apiv2][body] GET https://firebase.googleapis.com/v1beta1/projects [omitted]
[info] i  Using project curriculum-3e2b3 (Curriculum) 
[info] 
=== Hosting Setup
[info] 
[info] Your public directory is the folder (relative to your project directory) that
[info] will contain Hosting assets to be uploaded with firebase deploy. If you
[info] have a build process for your assets, use your build's output directory.
[info] 
[debug] [2021-12-15T11:35:27.805Z] >>> [apiv2][query] GET https://www.gstatic.com/firebasejs/releases.json [none]
[debug] [2021-12-15T11:35:27.894Z] <<< [apiv2][status] GET https://www.gstatic.com/firebasejs/releases.json 200
[debug] [2021-12-15T11:35:27.894Z] <<< [apiv2][body] GET https://www.gstatic.com/firebasejs/releases.json {"current":{"version":"9.6.1","browserURL":"https://www.gstatic.com/firebasejs/9.6.1/firebase.js","packageURL":"https://www.gstatic.com/firebasejs/9.6.1/firebase.tgz"},"live":{"version":"9.6","browserURL":"https://www.gstatic.com/firebasejs/live/9.6/firebase.js","packageURL":"https://www.gstatic.com/firebasejs/live/9.6/firebase.tgz"},"components":{"analytics":"https://www.gstatic.com/firebasejs/9.6.1/firebase-analytics.js","app":"https://www.gstatic.com/firebasejs/9.6.1/firebase-app.js","app-check":"https://www.gstatic.com/firebasejs/9.6.1/firebase-app-check.js","auth":"https://www.gstatic.com/firebasejs/9.6.1/firebase-auth.js","auth/cordova":"https://www.gstatic.com/firebasejs/9.6.1/firebase-auth/cordova.js","auth/react-native":"https://www.gstatic.com/firebasejs/9.6.1/firebase-auth/react-native.js","functions":"https://www.gstatic.com/firebasejs/9.6.1/firebase-functions.js","firestore":"https://www.gstatic.com/firebasejs/9.6.1/firebase-firestore.js","firestore/lite":"https://www.gstatic.com/firebasejs/9.6.1/firebase-firestore/lite.js","storage":"https://www.gstatic.com/firebasejs/9.6.1/firebase-storage.js","performance":"https://www.gstatic.com/firebasejs/9.6.1/firebase-performance.js","remote-config":"https://www.gstatic.com/firebasejs/9.6.1/firebase-remote-config.js","messaging":"https://www.gstatic.com/firebasejs/9.6.1/firebase-messaging.js","messaging/sw":"https://www.gstatic.com/firebasejs/9.6.1/firebase-messaging/sw.js","database":"https://www.gstatic.com/firebasejs/9.6.1/firebase-database.js","firestore.memory":"https://www.gstatic.com/firebasejs/9.6.1/firebase-firestore.memory.js"}}
[info] ✔  Wrote public/index.html 
[info] 
[info] i  Didn't detect a .git folder. Assuming /Users/simaocoutinho/Documents/Simão/Projetos/Curriculum is the project root. 
[info] i  Authorizing with GitHub to upload your service account to a GitHub repository's secrets store. 
[info] 
[info] Visit this URL on this device to log in:
[info] https://github.com/login/oauth/authorize?client_id=89cf50f02ac6aaed3484&state=198894084&redirect_uri=http%3A%2F%2Flocalhost%3A9005&scope=read%3Auser%20repo%20public_repo
[info] 
[info] Waiting for authentication...
[debug] [2021-12-15T11:35:47.078Z] >>> HTTP REQUEST POST https://github.com/login/oauth/access_token  
 {"client_id":"89cf50f02ac6aaed3484","client_secret":"3330d14abc895d9a74d5f17cd7a00711fa2c5bf0","code":"3c2dad2c7b22d2be664c","redirect_uri":"http://localhost:9005","state":"198894084"}
[debug] [2021-12-15T11:35:47.440Z] <<< HTTP RESPONSE 200 {"server":"GitHub.com","date":"Wed, 15 Dec 2021 11:35:47 GMT","content-type":"application/json; charset=utf-8","transfer-encoding":"chunked","vary":"X-PJAX, X-PJAX-Container, Accept-Encoding, Accept, X-Requested-With","permissions-policy":"interest-cohort=()","etag":"W/\"d3aada042554219b3a82ab211f4caa53\"","cache-control":"max-age=0, private, must-revalidate","strict-transport-security":"max-age=31536000; includeSubdomains; preload","x-frame-options":"deny","x-content-type-options":"nosniff","x-xss-protection":"0","referrer-policy":"origin-when-cross-origin, strict-origin-when-cross-origin","expect-ct":"max-age=2592000, report-uri=\"https://api.github.com/_private/browser/errors\"","content-security-policy":"default-src 'none'; base-uri 'self'; block-all-mixed-content; child-src github.com/assets-cdn/worker/ gist.github.com/assets-cdn/worker/; connect-src 'self' uploads.github.com objects-origin.githubusercontent.com www.githubstatus.com collector.githubapp.com api.github.com github-cloud.s3.amazonaws.com github-production-repository-file-5c1aeb.s3.amazonaws.com github-production-upload-manifest-file-7fdce7.s3.amazonaws.com github-production-user-asset-6210df.s3.amazonaws.com cdn.optimizely.com logx.optimizely.com/v1/events translator.github.com wss://alive.github.com; font-src github.githubassets.com; form-action 'self' github.com gist.github.com objects-origin.githubusercontent.com; frame-ancestors 'none'; frame-src render.githubusercontent.com viewscreen.githubusercontent.com notebooks.githubusercontent.com; img-src 'self' data: github.githubassets.com identicons.github.com collector.githubapp.com github-cloud.s3.amazonaws.com secured-user-images.githubusercontent.com/ *.githubusercontent.com; manifest-src 'self'; media-src github.com user-images.githubusercontent.com/; script-src github.githubassets.com; style-src 'unsafe-inline' github.githubassets.com; worker-src github.com/assets-cdn/worker/ gist.github.com/assets-cdn/worker/","x-github-request-id":"D131:7F57:1E2002E:1FF17D7:61B9D313"}
[debug] [2021-12-15T11:35:47.443Z] >>> [apiv2][query] GET https://api.github.com/user [none]
[debug] [2021-12-15T11:35:47.906Z] <<< [apiv2][status] GET https://api.github.com/user 200
[debug] [2021-12-15T11:35:47.906Z] <<< [apiv2][body] GET https://api.github.com/user {"login":"simao-coutinho","id":37965258,"node_id":"MDQ6VXNlcjM3OTY1MjU4","avatar_url":"https://avatars.githubusercontent.com/u/37965258?v=4","gravatar_id":"","url":"https://api.github.com/users/simao-coutinho","html_url":"https://github.com/simao-coutinho","followers_url":"https://api.github.com/users/simao-coutinho/followers","following_url":"https://api.github.com/users/simao-coutinho/following{/other_user}","gists_url":"https://api.github.com/users/simao-coutinho/gists{/gist_id}","starred_url":"https://api.github.com/users/simao-coutinho/starred{/owner}{/repo}","subscriptions_url":"https://api.github.com/users/simao-coutinho/subscriptions","organizations_url":"https://api.github.com/users/simao-coutinho/orgs","repos_url":"https://api.github.com/users/simao-coutinho/repos","events_url":"https://api.github.com/users/simao-coutinho/events{/privacy}","received_events_url":"https://api.github.com/users/simao-coutinho/received_events","type":"User","site_admin":false,"name":"Simão Coutinho","company":null,"blog":"","location":null,"email":null,"hireable":null,"bio":null,"twitter_username":null,"public_repos":5,"public_gists":1,"followers":0,"following":0,"created_at":"2018-03-31T21:38:02Z","updated_at":"2021-11-22T11:16:53Z","private_gists":0,"total_private_repos":80,"owned_private_repos":80,"disk_usage":3427209,"collaborators":1,"two_factor_authentication":false,"plan":{"name":"free","space":976562499,"collaborators":0,"private_repos":10000}}
[info] 
[info] ✔  Success! Logged into GitHub as simao-coutinho 
[info] 
